<?xml version="1.0" encoding="UTF-8"?>
<!-- Generated by org.testng.reporters.JUnitXMLReporter -->
<testsuite hostname="EC2AMAZ-R1ME3KD" ignored="0" name="Firefox Smoke OB Test Run" tests="2" failures="1" timestamp="31 Oct 2020 09:09:46 GMT" time="127.001" errors="0">
  <testcase name="createAndDeleteBoxes" time="36.794" classname="testCases.AddToCartTest">
    <failure type="java.lang.AssertionError" message="unable to select dropdown item">
      <![CDATA[java.lang.AssertionError: unable to select dropdown item
at pageObjects.BasePage.selectDropdownItem(BasePage.java:136)
at pageObjects.HomePage.selectValueFromSortByDropdown(HomePage.java:119)
at testCases.AddToCartTest.createAndDeleteBoxes(AddToCartTest.java:83)
... Removed 29 stack frames]]>
    </failure>
  </testcase> <!-- createAndDeleteBoxes -->
  <testcase name="createAndDeleteBoxes" time="40.825" classname="testCases.AddToCartTest2"/>
</testsuite> <!-- Firefox Smoke OB Test Run -->
