<?xml version="1.0" encoding="UTF-8"?>
<testng-results skipped="0" failed="1" ignored="0" total="2" passed="1">
  <reporter-output>
  </reporter-output>
  <suite name="Smoke UI Tests" duration-ms="127001" started-at="2020-10-31T09:07:39Z" finished-at="2020-10-31T09:09:46Z">
    <groups>
      <group name="regression">
        <method signature="AddToCartTest.createAndDeleteBoxes(java.lang.String)[pri:0, instance:testCases.AddToCartTest@57baeedf]" name="createAndDeleteBoxes" class="testCases.AddToCartTest"/>
        <method signature="AddToCartTest2.createAndDeleteBoxes(java.lang.String)[pri:0, instance:testCases.AddToCartTest2@343f4d3d]" name="createAndDeleteBoxes" class="testCases.AddToCartTest2"/>
      </group> <!-- regression -->
      <group name="Failed">
        <method signature="AddToCartTest.createAndDeleteBoxes(java.lang.String)[pri:0, instance:testCases.AddToCartTest@57baeedf]" name="createAndDeleteBoxes" class="testCases.AddToCartTest"/>
        <method signature="AddToCartTest2.createAndDeleteBoxes(java.lang.String)[pri:0, instance:testCases.AddToCartTest2@343f4d3d]" name="createAndDeleteBoxes" class="testCases.AddToCartTest2"/>
      </group> <!-- Failed -->
      <group name="smoke">
        <method signature="AddToCartTest.createAndDeleteBoxes(java.lang.String)[pri:0, instance:testCases.AddToCartTest@57baeedf]" name="createAndDeleteBoxes" class="testCases.AddToCartTest"/>
        <method signature="AddToCartTest2.createAndDeleteBoxes(java.lang.String)[pri:0, instance:testCases.AddToCartTest2@343f4d3d]" name="createAndDeleteBoxes" class="testCases.AddToCartTest2"/>
      </group> <!-- smoke -->
    </groups>
    <test name="Firefox Smoke OB Test Run" duration-ms="127001" started-at="2020-10-31T09:07:39Z" finished-at="2020-10-31T09:09:46Z">
      <class name="testCases.AddToCartTest2">
        <test-method status="PASS" signature="createAndDeleteBoxes(java.lang.String)[pri:0, instance:testCases.AddToCartTest2@343f4d3d]" name="createAndDeleteBoxes" duration-ms="40825" started-at="2020-10-31T09:09:00Z" finished-at="2020-10-31T09:09:41Z">
          <params>
            <param index="0">
              <value>
                <![CDATA[ON]]>
              </value>
            </param>
          </params>
          <reporter-output>
          </reporter-output>
        </test-method> <!-- createAndDeleteBoxes -->
      </class> <!-- testCases.AddToCartTest2 -->
      <class name="testCases.AddToCartTest">
        <test-method status="PASS" signature="setUp(java.lang.String, java.lang.String)[pri:0, instance:testCases.AddToCartTest@57baeedf]" name="setUp" is-config="true" duration-ms="25561" started-at="2020-10-31T09:07:39Z" finished-at="2020-10-31T09:08:04Z">
          <params>
            <param index="0">
              <value>
                <![CDATA[Chrome]]>
              </value>
            </param>
            <param index="1">
              <value>
                <![CDATA[ON]]>
              </value>
            </param>
          </params>
          <reporter-output>
          </reporter-output>
        </test-method> <!-- setUp -->
        <test-method status="PASS" signature="setUp(java.lang.String, java.lang.String)[pri:0, instance:testCases.AddToCartTest2@343f4d3d]" name="setUp" is-config="true" duration-ms="18389" started-at="2020-10-31T09:08:04Z" finished-at="2020-10-31T09:08:23Z">
          <params>
            <param index="0">
              <value>
                <![CDATA[Chrome]]>
              </value>
            </param>
            <param index="1">
              <value>
                <![CDATA[ON]]>
              </value>
            </param>
          </params>
          <reporter-output>
          </reporter-output>
        </test-method> <!-- setUp -->
        <test-method status="FAIL" signature="createAndDeleteBoxes(java.lang.String)[pri:0, instance:testCases.AddToCartTest@57baeedf]" name="createAndDeleteBoxes" duration-ms="36794" started-at="2020-10-31T09:08:23Z" finished-at="2020-10-31T09:08:59Z">
          <params>
            <param index="0">
              <value>
                <![CDATA[ON]]>
              </value>
            </param>
          </params>
          <exception class="java.lang.AssertionError">
            <message>
              <![CDATA[unable to select dropdown item]]>
            </message>
            <full-stacktrace>
              <![CDATA[java.lang.AssertionError: unable to select dropdown item
at org.testng.Assert.fail(Assert.java:96)
at pageObjects.BasePage.selectDropdownItem(BasePage.java:136)
at pageObjects.HomePage.selectValueFromSortByDropdown(HomePage.java:119)
at testCases.AddToCartTest.createAndDeleteBoxes(AddToCartTest.java:83)
at sun.reflect.NativeMethodAccessorImpl.invoke0(Native Method)
at sun.reflect.NativeMethodAccessorImpl.invoke(NativeMethodAccessorImpl.java:62)
at sun.reflect.DelegatingMethodAccessorImpl.invoke(DelegatingMethodAccessorImpl.java:43)
at java.lang.reflect.Method.invoke(Method.java:498)
at org.testng.internal.MethodInvocationHelper.invokeMethod(MethodInvocationHelper.java:124)
at org.testng.internal.Invoker.invokeMethod(Invoker.java:583)
at org.testng.internal.Invoker.invokeTestMethod(Invoker.java:719)
at org.testng.internal.Invoker.invokeTestMethods(Invoker.java:989)
at org.testng.internal.TestMethodWorker.invokeTestMethods(TestMethodWorker.java:125)
at org.testng.internal.TestMethodWorker.run(TestMethodWorker.java:109)
at org.testng.TestRunner.privateRun(TestRunner.java:648)
at org.testng.TestRunner.run(TestRunner.java:505)
at org.testng.SuiteRunner.runTest(SuiteRunner.java:455)
at org.testng.SuiteRunner.runSequentially(SuiteRunner.java:450)
at org.testng.SuiteRunner.privateRun(SuiteRunner.java:415)
at org.testng.SuiteRunner.run(SuiteRunner.java:364)
at org.testng.SuiteRunnerWorker.runSuite(SuiteRunnerWorker.java:52)
at org.testng.SuiteRunnerWorker.run(SuiteRunnerWorker.java:84)
at org.testng.TestNG.runSuitesSequentially(TestNG.java:1208)
at org.testng.TestNG.runSuitesLocally(TestNG.java:1137)
at org.testng.TestNG.runSuites(TestNG.java:1049)
at org.testng.TestNG.run(TestNG.java:1017)
at org.apache.maven.surefire.testng.TestNGExecutor.run(TestNGExecutor.java:281)
at org.apache.maven.surefire.testng.TestNGXmlTestSuite.execute(TestNGXmlTestSuite.java:75)
at org.apache.maven.surefire.testng.TestNGProvider.invoke(TestNGProvider.java:121)
at org.apache.maven.surefire.booter.ForkedBooter.invokeProviderInSameClassLoader(ForkedBooter.java:290)
at org.apache.maven.surefire.booter.ForkedBooter.runSuitesInProcess(ForkedBooter.java:242)
at org.apache.maven.surefire.booter.ForkedBooter.main(ForkedBooter.java:121)
]]>
            </full-stacktrace>
          </exception> <!-- java.lang.AssertionError -->
          <reporter-output>
          </reporter-output>
        </test-method> <!-- createAndDeleteBoxes -->
        <test-method status="PASS" signature="quit()[pri:0, instance:testCases.AddToCartTest@57baeedf]" name="quit" is-config="true" duration-ms="2824" started-at="2020-10-31T09:09:41Z" finished-at="2020-10-31T09:09:44Z">
          <reporter-output>
          </reporter-output>
        </test-method> <!-- quit -->
        <test-method status="PASS" signature="quit()[pri:0, instance:testCases.AddToCartTest2@343f4d3d]" name="quit" is-config="true" duration-ms="2017" started-at="2020-10-31T09:09:44Z" finished-at="2020-10-31T09:09:46Z">
          <reporter-output>
          </reporter-output>
        </test-method> <!-- quit -->
      </class> <!-- testCases.AddToCartTest -->
    </test> <!-- Firefox Smoke OB Test Run -->
  </suite> <!-- Smoke UI Tests -->
</testng-results>
